0 info it worked if it ends with ok
1 verbose cli [ '/Users/amanadhikari/gitProject/Hecate/target/node/node',
1 verbose cli   '/Users/amanadhikari/gitProject/Hecate/target/node/node_modules/npm/bin/npm-cli.js',
1 verbose cli   'install' ]
2 info using npm@3.9.2
3 info using node@v4.4.5
4 silly loadCurrentTree Starting
5 silly install loadCurrentTree
6 silly install readLocalPackageData
7 silly install normalizeTree
8 silly loadCurrentTree Finishing
9 silly loadIdealTree Starting
10 silly install loadIdealTree
11 silly cloneCurrentTree Starting
12 silly install cloneCurrentTreeToIdealTree
13 silly cloneCurrentTree Finishing
14 silly loadShrinkwrap Starting
15 silly install loadShrinkwrap
16 silly loadShrinkwrap Finishing
17 silly loadAllDepsIntoIdealTree Starting
18 silly install loadAllDepsIntoIdealTree
19 silly fetchNamedPackageData react
20 silly mapToRegistry name react
21 silly mapToRegistry using default registry
22 silly mapToRegistry registry https://registry.npmjs.org/
23 silly mapToRegistry data Result {
23 silly mapToRegistry   raw: 'react',
23 silly mapToRegistry   scope: null,
23 silly mapToRegistry   name: 'react',
23 silly mapToRegistry   rawSpec: '',
23 silly mapToRegistry   spec: 'latest',
23 silly mapToRegistry   type: 'tag' }
24 silly mapToRegistry uri https://registry.npmjs.org/react
25 silly fetchNamedPackageData react-dom
26 silly mapToRegistry name react-dom
27 silly mapToRegistry using default registry
28 silly mapToRegistry registry https://registry.npmjs.org/
29 silly mapToRegistry data Result {
29 silly mapToRegistry   raw: 'react-dom',
29 silly mapToRegistry   scope: null,
29 silly mapToRegistry   name: 'react-dom',
29 silly mapToRegistry   rawSpec: '',
29 silly mapToRegistry   spec: 'latest',
29 silly mapToRegistry   type: 'tag' }
30 silly mapToRegistry uri https://registry.npmjs.org/react-dom
31 silly fetchNamedPackageData rest
32 silly mapToRegistry name rest
33 silly mapToRegistry using default registry
34 silly mapToRegistry registry https://registry.npmjs.org/
35 silly mapToRegistry data Result {
35 silly mapToRegistry   raw: 'rest',
35 silly mapToRegistry   scope: null,
35 silly mapToRegistry   name: 'rest',
35 silly mapToRegistry   rawSpec: '',
35 silly mapToRegistry   spec: 'latest',
35 silly mapToRegistry   type: 'tag' }
36 silly mapToRegistry uri https://registry.npmjs.org/rest
37 silly fetchNamedPackageData webpack
38 silly mapToRegistry name webpack
39 silly mapToRegistry using default registry
40 silly mapToRegistry registry https://registry.npmjs.org/
41 silly mapToRegistry data Result {
41 silly mapToRegistry   raw: 'webpack',
41 silly mapToRegistry   scope: null,
41 silly mapToRegistry   name: 'webpack',
41 silly mapToRegistry   rawSpec: '',
41 silly mapToRegistry   spec: 'latest',
41 silly mapToRegistry   type: 'tag' }
42 silly mapToRegistry uri https://registry.npmjs.org/webpack
43 verbose request uri https://registry.npmjs.org/rest
44 verbose request no auth needed
45 info attempt registry request try #1 at 10:49:27 PM
46 verbose request id 3ec9bdbc21ea47c7
47 verbose etag W/"584f68b2-bf3f"
48 verbose lastModified Tue, 13 Dec 2016 03:19:14 GMT
49 http request GET https://registry.npmjs.org/rest
50 verbose request uri https://registry.npmjs.org/react
51 verbose request no auth needed
52 info attempt registry request try #1 at 10:49:27 PM
53 verbose etag W/"596236d7-2c4aa"
54 verbose lastModified Sun, 09 Jul 2017 13:59:51 GMT
55 http request GET https://registry.npmjs.org/react
56 verbose request uri https://registry.npmjs.org/react-dom
57 verbose request no auth needed
58 info attempt registry request try #1 at 10:49:27 PM
59 verbose etag W/"595afe9d-1a8dd"
60 verbose lastModified Tue, 04 Jul 2017 02:34:05 GMT
61 http request GET https://registry.npmjs.org/react-dom
62 verbose request uri https://registry.npmjs.org/webpack
63 verbose request no auth needed
64 info attempt registry request try #1 at 10:49:27 PM
65 verbose etag W/"596abf67-faff8"
66 verbose lastModified Sun, 16 Jul 2017 01:20:39 GMT
67 http request GET https://registry.npmjs.org/webpack
68 http 304 https://registry.npmjs.org/react-dom
69 verbose headers { date: 'Mon, 17 Jul 2017 03:45:28 GMT',
69 verbose headers   via: '1.1 varnish',
69 verbose headers   'cache-control': 'max-age=300',
69 verbose headers   etag: 'W/"595afe9d-1a8dd"',
69 verbose headers   age: '260',
69 verbose headers   connection: 'keep-alive',
69 verbose headers   'x-served-by': 'cache-dfw1835-DFW',
69 verbose headers   'x-cache': 'HIT',
69 verbose headers   'x-cache-hits': '222',
69 verbose headers   'x-timer': 'S1500263128.380196,VS0,VE0',
69 verbose headers   vary: 'Accept-Encoding, Accept' }
70 silly get cb [ 304,
70 silly get   { date: 'Mon, 17 Jul 2017 03:45:28 GMT',
70 silly get     via: '1.1 varnish',
70 silly get     'cache-control': 'max-age=300',
70 silly get     etag: 'W/"595afe9d-1a8dd"',
70 silly get     age: '260',
70 silly get     connection: 'keep-alive',
70 silly get     'x-served-by': 'cache-dfw1835-DFW',
70 silly get     'x-cache': 'HIT',
70 silly get     'x-cache-hits': '222',
70 silly get     'x-timer': 'S1500263128.380196,VS0,VE0',
70 silly get     vary: 'Accept-Encoding, Accept' } ]
71 verbose etag https://registry.npmjs.org/react-dom from cache
72 verbose get saving react-dom to /Users/amanadhikari/.npm/registry.npmjs.org/react-dom/.cache.json
73 verbose correctMkdir /Users/amanadhikari/.npm correctMkdir not in flight; initializing
74 http 304 https://registry.npmjs.org/rest
75 verbose headers { date: 'Mon, 17 Jul 2017 03:45:28 GMT',
75 verbose headers   via: '1.1 varnish',
75 verbose headers   'cache-control': 'max-age=300',
75 verbose headers   etag: 'W/"584f68b2-bf3f"',
75 verbose headers   age: '22',
75 verbose headers   connection: 'keep-alive',
75 verbose headers   'x-served-by': 'cache-dfw1825-DFW',
75 verbose headers   'x-cache': 'HIT',
75 verbose headers   'x-cache-hits': '1',
75 verbose headers   'x-timer': 'S1500263128.382790,VS0,VE1',
75 verbose headers   vary: 'Accept-Encoding, Accept' }
76 silly get cb [ 304,
76 silly get   { date: 'Mon, 17 Jul 2017 03:45:28 GMT',
76 silly get     via: '1.1 varnish',
76 silly get     'cache-control': 'max-age=300',
76 silly get     etag: 'W/"584f68b2-bf3f"',
76 silly get     age: '22',
76 silly get     connection: 'keep-alive',
76 silly get     'x-served-by': 'cache-dfw1825-DFW',
76 silly get     'x-cache': 'HIT',
76 silly get     'x-cache-hits': '1',
76 silly get     'x-timer': 'S1500263128.382790,VS0,VE1',
76 silly get     vary: 'Accept-Encoding, Accept' } ]
77 verbose etag https://registry.npmjs.org/rest from cache
78 verbose get saving rest to /Users/amanadhikari/.npm/registry.npmjs.org/rest/.cache.json
79 verbose correctMkdir /Users/amanadhikari/.npm correctMkdir already in flight; waiting
80 http 304 https://registry.npmjs.org/webpack
81 verbose headers { date: 'Mon, 17 Jul 2017 03:45:28 GMT',
81 verbose headers   via: '1.1 varnish',
81 verbose headers   'cache-control': 'max-age=300',
81 verbose headers   etag: 'W/"596abf67-faff8"',
81 verbose headers   age: '128',
81 verbose headers   connection: 'keep-alive',
81 verbose headers   'x-served-by': 'cache-dfw1832-DFW',
81 verbose headers   'x-cache': 'HIT',
81 verbose headers   'x-cache-hits': '1',
81 verbose headers   'x-timer': 'S1500263128.385644,VS0,VE1',
81 verbose headers   vary: 'Accept-Encoding, Accept' }
82 silly get cb [ 304,
82 silly get   { date: 'Mon, 17 Jul 2017 03:45:28 GMT',
82 silly get     via: '1.1 varnish',
82 silly get     'cache-control': 'max-age=300',
82 silly get     etag: 'W/"596abf67-faff8"',
82 silly get     age: '128',
82 silly get     connection: 'keep-alive',
82 silly get     'x-served-by': 'cache-dfw1832-DFW',
82 silly get     'x-cache': 'HIT',
82 silly get     'x-cache-hits': '1',
82 silly get     'x-timer': 'S1500263128.385644,VS0,VE1',
82 silly get     vary: 'Accept-Encoding, Accept' } ]
83 verbose etag https://registry.npmjs.org/webpack from cache
84 verbose get saving webpack to /Users/amanadhikari/.npm/registry.npmjs.org/webpack/.cache.json
85 verbose correctMkdir /Users/amanadhikari/.npm correctMkdir already in flight; waiting
86 silly resolveWithNewModule react-dom@15.6.1 checking installable status
87 silly cache add args [ 'react-dom@^15.3.2', null ]
88 verbose cache add spec react-dom@^15.3.2
89 silly cache add parsed spec Result {
89 silly cache add   raw: 'react-dom@^15.3.2',
89 silly cache add   scope: null,
89 silly cache add   name: 'react-dom',
89 silly cache add   rawSpec: '^15.3.2',
89 silly cache add   spec: '>=15.3.2 <16.0.0',
89 silly cache add   type: 'range' }
90 silly addNamed react-dom@>=15.3.2 <16.0.0
91 verbose addNamed ">=15.3.2 <16.0.0" is a valid semver range for react-dom
92 silly addNameRange { name: 'react-dom', range: '>=15.3.2 <16.0.0', hasData: false }
93 silly mapToRegistry name react-dom
94 silly mapToRegistry using default registry
95 silly mapToRegistry registry https://registry.npmjs.org/
96 silly mapToRegistry data Result {
96 silly mapToRegistry   raw: 'react-dom',
96 silly mapToRegistry   scope: null,
96 silly mapToRegistry   name: 'react-dom',
96 silly mapToRegistry   rawSpec: '',
96 silly mapToRegistry   spec: 'latest',
96 silly mapToRegistry   type: 'tag' }
97 silly mapToRegistry uri https://registry.npmjs.org/react-dom
98 verbose addNameRange registry:https://registry.npmjs.org/react-dom not in flight; fetching
99 silly resolveWithNewModule webpack@1.15.0 checking installable status
100 silly cache add args [ 'webpack@^1.12.2', null ]
101 verbose cache add spec webpack@^1.12.2
102 silly cache add parsed spec Result {
102 silly cache add   raw: 'webpack@^1.12.2',
102 silly cache add   scope: null,
102 silly cache add   name: 'webpack',
102 silly cache add   rawSpec: '^1.12.2',
102 silly cache add   spec: '>=1.12.2 <2.0.0',
102 silly cache add   type: 'range' }
103 silly addNamed webpack@>=1.12.2 <2.0.0
104 verbose addNamed ">=1.12.2 <2.0.0" is a valid semver range for webpack
105 silly addNameRange { name: 'webpack', range: '>=1.12.2 <2.0.0', hasData: false }
106 silly mapToRegistry name webpack
107 silly mapToRegistry using default registry
108 silly mapToRegistry registry https://registry.npmjs.org/
109 silly mapToRegistry data Result {
109 silly mapToRegistry   raw: 'webpack',
109 silly mapToRegistry   scope: null,
109 silly mapToRegistry   name: 'webpack',
109 silly mapToRegistry   rawSpec: '',
109 silly mapToRegistry   spec: 'latest',
109 silly mapToRegistry   type: 'tag' }
110 silly mapToRegistry uri https://registry.npmjs.org/webpack
111 verbose addNameRange registry:https://registry.npmjs.org/webpack not in flight; fetching
112 silly resolveWithNewModule rest@1.3.2 checking installable status
113 silly cache add args [ 'rest@^1.3.1', null ]
114 verbose cache add spec rest@^1.3.1
115 silly cache add parsed spec Result {
115 silly cache add   raw: 'rest@^1.3.1',
115 silly cache add   scope: null,
115 silly cache add   name: 'rest',
115 silly cache add   rawSpec: '^1.3.1',
115 silly cache add   spec: '>=1.3.1 <2.0.0',
115 silly cache add   type: 'range' }
116 silly addNamed rest@>=1.3.1 <2.0.0
117 verbose addNamed ">=1.3.1 <2.0.0" is a valid semver range for rest
118 silly addNameRange { name: 'rest', range: '>=1.3.1 <2.0.0', hasData: false }
119 silly mapToRegistry name rest
120 silly mapToRegistry using default registry
121 silly mapToRegistry registry https://registry.npmjs.org/
122 silly mapToRegistry data Result {
122 silly mapToRegistry   raw: 'rest',
122 silly mapToRegistry   scope: null,
122 silly mapToRegistry   name: 'rest',
122 silly mapToRegistry   rawSpec: '',
122 silly mapToRegistry   spec: 'latest',
122 silly mapToRegistry   type: 'tag' }
123 silly mapToRegistry uri https://registry.npmjs.org/rest
124 verbose addNameRange registry:https://registry.npmjs.org/rest not in flight; fetching
125 http 304 https://registry.npmjs.org/react
126 verbose headers { date: 'Mon, 17 Jul 2017 03:45:28 GMT',
126 verbose headers   via: '1.1 varnish',
126 verbose headers   'cache-control': 'max-age=300',
126 verbose headers   etag: 'W/"596236d7-2c4aa"',
126 verbose headers   age: '259',
126 verbose headers   connection: 'keep-alive',
126 verbose headers   'x-served-by': 'cache-dfw1825-DFW',
126 verbose headers   'x-cache': 'HIT',
126 verbose headers   'x-cache-hits': '1',
126 verbose headers   'x-timer': 'S1500263128.416923,VS0,VE1',
126 verbose headers   vary: 'Accept-Encoding, Accept' }
127 silly get cb [ 304,
127 silly get   { date: 'Mon, 17 Jul 2017 03:45:28 GMT',
127 silly get     via: '1.1 varnish',
127 silly get     'cache-control': 'max-age=300',
127 silly get     etag: 'W/"596236d7-2c4aa"',
127 silly get     age: '259',
127 silly get     connection: 'keep-alive',
127 silly get     'x-served-by': 'cache-dfw1825-DFW',
127 silly get     'x-cache': 'HIT',
127 silly get     'x-cache-hits': '1',
127 silly get     'x-timer': 'S1500263128.416923,VS0,VE1',
127 silly get     vary: 'Accept-Encoding, Accept' } ]
128 verbose etag https://registry.npmjs.org/react from cache
129 verbose get saving react to /Users/amanadhikari/.npm/registry.npmjs.org/react/.cache.json
130 verbose correctMkdir /Users/amanadhikari/.npm correctMkdir not in flight; initializing
131 verbose get https://registry.npmjs.org/react-dom not expired, no request
132 silly addNameRange number 2 { name: 'react-dom', range: '>=15.3.2 <16.0.0', hasData: true }
133 silly addNameRange versions [ 'react-dom',
133 silly addNameRange   [ '0.1.0',
133 silly addNameRange     '0.14.0-beta1',
133 silly addNameRange     '0.14.0-beta2',
133 silly addNameRange     '0.14.0-beta3',
133 silly addNameRange     '0.14.0-rc1',
133 silly addNameRange     '0.14.0',
133 silly addNameRange     '0.14.1',
133 silly addNameRange     '0.14.2',
133 silly addNameRange     '0.14.3',
133 silly addNameRange     '0.14.4',
133 silly addNameRange     '0.14.5',
133 silly addNameRange     '0.14.6',
133 silly addNameRange     '0.15.0-alpha.1',
133 silly addNameRange     '0.14.7',
133 silly addNameRange     '15.0.0-rc.1',
133 silly addNameRange     '15.0.0-rc.2',
133 silly addNameRange     '0.14.8',
133 silly addNameRange     '15.0.0',
133 silly addNameRange     '15.0.1',
133 silly addNameRange     '15.0.2-alpha.1',
133 silly addNameRange     '15.0.2-alpha.2',
133 silly addNameRange     '15.0.2-alpha.3',
133 silly addNameRange     '15.0.2-alpha.4',
133 silly addNameRange     '15.0.2',
133 silly addNameRange     '15.0.3-alpha.1',
133 silly addNameRange     '15.0.3-alpha.2',
133 silly addNameRange     '15.1.0-alpha.1',
133 silly addNameRange     '15.1.0',
133 silly addNameRange     '15.2.0-rc.1',
133 silly addNameRange     '15.2.0-rc.2',
133 silly addNameRange     '15.2.0',
133 silly addNameRange     '15.2.1',
133 silly addNameRange     '15.3.0-rc.1',
133 silly addNameRange     '15.3.0-rc.2',
133 silly addNameRange     '15.3.0-rc.3',
133 silly addNameRange     '15.3.0',
133 silly addNameRange     '15.3.1-rc.1',
133 silly addNameRange     '15.3.1-rc.2',
133 silly addNameRange     '15.3.1',
133 silly addNameRange     '15.3.2-rc.1',
133 silly addNameRange     '15.3.2',
133 silly addNameRange     '15.4.0-rc.1',
133 silly addNameRange     '15.4.0-rc.2',
133 silly addNameRange     '15.4.0-rc.3',
133 silly addNameRange     '15.4.0-rc.4',
133 silly addNameRange     '15.4.0',
133 silly addNameRange     '15.4.1',
133 silly addNameRange     '15.4.2',
133 silly addNameRange     '16.0.0-alpha',
133 silly addNameRange     '16.0.0-alpha.0',
133 silly addNameRange     '16.0.0-alpha.2',
133 silly addNameRange     '16.0.0-alpha.3',
133 silly addNameRange     '16.0.0-alpha.4',
133 silly addNameRange     '16.0.0-alpha.5',
133 silly addNameRange     '16.0.0-alpha.6',
133 silly addNameRange     '15.5.0-rc.1',
133 silly addNameRange     '16.0.0-alpha.7',
133 silly addNameRange     '15.5.0-rc.2',
133 silly addNameRange     '16.0.0-alpha.8',
133 silly addNameRange     '15.5.0',
133 silly addNameRange     '15.5.1',
133 silly addNameRange     '15.5.2',
133 silly addNameRange     '15.5.3',
133 silly addNameRange     '15.5.4',
133 silly addNameRange     '16.0.0-alpha.9',
133 silly addNameRange     '0.14.9',
133 silly addNameRange     '16.0.0-alpha.10',
133 silly addNameRange     '16.0.0-alpha.11',
133 silly addNameRange     '16.0.0-alpha.12',
133 silly addNameRange     '15.6.0-rc.1',
133 silly addNameRange     '16.0.0-alpha.13',
133 silly addNameRange     '15.6.0',
133 silly addNameRange     '15.6.1' ] ]
134 silly addNamed react-dom@15.6.1
135 verbose addNamed "15.6.1" is a plain semver version for react-dom
136 verbose get https://registry.npmjs.org/rest not expired, no request
137 silly addNameRange number 2 { name: 'rest', range: '>=1.3.1 <2.0.0', hasData: true }
138 silly addNameRange versions [ 'rest',
138 silly addNameRange   [ '0.7.5',
138 silly addNameRange     '0.8.0',
138 silly addNameRange     '0.8.1',
138 silly addNameRange     '0.8.2',
138 silly addNameRange     '0.8.3',
138 silly addNameRange     '0.8.4',
138 silly addNameRange     '0.9.0',
138 silly addNameRange     '0.9.1',
138 silly addNameRange     '0.9.2',
138 silly addNameRange     '0.9.3',
138 silly addNameRange     '0.9.4',
138 silly addNameRange     '1.0.0',
138 silly addNameRange     '1.0.1',
138 silly addNameRange     '1.0.2',
138 silly addNameRange     '1.0.3',
138 silly addNameRange     '1.1.0',
138 silly addNameRange     '1.1.1',
138 silly addNameRange     '1.2.0',
138 silly addNameRange     '1.3.0',
138 silly addNameRange     '1.3.1',
138 silly addNameRange     '1.3.2',
138 silly addNameRange     '2.0.0' ] ]
139 silly addNamed rest@1.3.2
140 verbose addNamed "1.3.2" is a plain semver version for rest
141 verbose get https://registry.npmjs.org/webpack not expired, no request
142 silly addNameRange number 2 { name: 'webpack', range: '>=1.12.2 <2.0.0', hasData: true }
143 silly addNameRange versions [ 'webpack',
143 silly addNameRange   [ '0.1.0',
143 silly addNameRange     '0.1.1',
143 silly addNameRange     '0.1.2',
143 silly addNameRange     '0.1.3',
143 silly addNameRange     '0.1.4',
143 silly addNameRange     '0.1.5',
143 silly addNameRange     '0.1.6',
143 silly addNameRange     '0.2.0',
143 silly addNameRange     '0.2.1',
143 silly addNameRange     '0.2.2',
143 silly addNameRange     '0.2.3',
143 silly addNameRange     '0.2.4',
143 silly addNameRange     '0.2.6',
143 silly addNameRange     '0.2.7',
143 silly addNameRange     '0.2.8',
143 silly addNameRange     '0.3.0',
143 silly addNameRange     '0.3.1',
143 silly addNameRange     '0.3.2',
143 silly addNameRange     '0.3.3',
143 silly addNameRange     '0.3.4',
143 silly addNameRange     '0.3.6',
143 silly addNameRange     '0.3.7',
143 silly addNameRange     '0.3.8',
143 silly addNameRange     '0.3.9',
143 silly addNameRange     '0.3.10',
143 silly addNameRange     '0.3.11',
143 silly addNameRange     '0.3.12',
143 silly addNameRange     '0.3.13',
143 silly addNameRange     '0.3.14',
143 silly addNameRange     '0.3.15',
143 silly addNameRange     '0.3.16',
143 silly addNameRange     '0.3.17',
143 silly addNameRange     '0.3.18',
143 silly addNameRange     '0.3.19',
143 silly addNameRange     '0.3.20',
143 silly addNameRange     '0.4.0',
143 silly addNameRange     '0.4.1',
143 silly addNameRange     '0.4.2',
143 silly addNameRange     '0.4.3',
143 silly addNameRange     '0.4.4',
143 silly addNameRange     '0.4.5',
143 silly addNameRange     '0.4.6',
143 silly addNameRange     '0.4.7',
143 silly addNameRange     '0.4.8',
143 silly addNameRange     '0.4.9',
143 silly addNameRange     '0.4.10',
143 silly addNameRange     '0.4.11',
143 silly addNameRange     '0.4.12',
143 silly addNameRange     '0.4.13',
143 silly addNameRange     '0.4.14',
143 silly addNameRange     '0.4.15',
143 silly addNameRange     '0.4.16',
143 silly addNameRange     '0.4.17',
143 silly addNameRange     '0.4.18',
143 silly addNameRange     '0.4.19',
143 silly addNameRange     '0.4.20',
143 silly addNameRange     '0.4.21',
143 silly addNameRange     '0.4.23',
143 silly addNameRange     '0.4.24',
143 silly addNameRange     '0.4.25',
143 silly addNameRange     '0.5.0',
143 silly addNameRange     '0.5.1',
143 silly addNameRange     '0.5.2',
143 silly addNameRange     '0.5.3',
143 silly addNameRange     '0.5.4',
143 silly addNameRange     '0.5.5',
143 silly addNameRange     '0.5.6',
143 silly addNameRange     '0.5.7',
143 silly addNameRange     '0.5.8',
143 silly addNameRange     '0.5.10',
143 silly addNameRange     '0.6.0',
143 silly addNameRange     '0.6.1',
143 silly addNameRange     '0.6.2',
143 silly addNameRange     '0.7.0-beta',
143 silly addNameRange     '0.7.0-beta2',
143 silly addNameRange     '0.7.0-beta3',
143 silly addNameRange     '0.7.0-beta4',
143 silly addNameRange     '0.7.0-beta5',
143 silly addNameRange     '0.7.0-beta6',
143 silly addNameRange     '0.7.0-beta7',
143 silly addNameRange     '0.7.0-beta8',
143 silly addNameRange     '0.7.0',
143 silly addNameRange     '0.7.1',
143 silly addNameRange     '0.7.2',
143 silly addNameRange     '0.7.3',
143 silly addNameRange     '0.7.4',
143 silly addNameRange     '0.7.5',
143 silly addNameRange     '0.7.6',
143 silly addNameRange     '0.7.7',
143 silly addNameRange     '0.7.8',
143 silly addNameRange     '0.7.9',
143 silly addNameRange     '0.7.11',
143 silly addNameRange     '0.7.12',
143 silly addNameRange     '0.7.13',
143 silly addNameRange     '0.7.14',
143 silly addNameRange     '0.7.15',
143 silly addNameRange     '0.7.16',
143 silly addNameRange     '0.7.17',
143 silly addNameRange     '0.8.0-beta1',
143 silly addNameRange     '0.8.0-beta2',
143 silly addNameRange     '0.8.0-beta3',
143 silly addNameRange     '0.8.0-beta4',
143 silly addNameRange     '0.8.0',
143 silly addNameRange     '0.8.2',
143 silly addNameRange     '0.8.3',
143 silly addNameRange     '0.9.0-beta1',
143 silly addNameRange     '0.9.0-beta2',
143 silly addNameRange     '0.9.0-beta4',
143 silly addNameRange     '0.9.0-beta5',
143 silly addNameRange     '0.9.0-beta6',
143 silly addNameRange     '0.9.0-beta7',
143 silly addNameRange     '0.9.0-beta8',
143 silly addNameRange     '0.9.0-beta9',
143 silly addNameRange     '0.9.0-beta10',
143 silly addNameRange     '0.9.0-beta11',
143 silly addNameRange     '0.9.0-beta12',
143 silly addNameRange     '0.9.0-beta13',
143 silly addNameRange     '0.9.0-beta14',
143 silly addNameRange     '0.9.0-beta15',
143 silly addNameRange     '0.9.0-beta16',
143 silly addNameRange     '0.9.0-beta17',
143 silly addNameRange     '0.9.0-beta18',
143 silly addNameRange     '0.9.0-beta19',
143 silly addNameRange     '0.9.0-beta20',
143 silly addNameRange     '0.9.0-beta21',
143 silly addNameRange     '0.9.0-beta22',
143 silly addNameRange     '0.9.0-beta23',
143 silly addNameRange     '0.9.0-beta24',
143 silly addNameRange     '0.9.0-beta25',
143 silly addNameRange     '0.9.0-beta26',
143 silly addNameRange     '0.9.0-beta27',
143 silly addNameRange     '0.9.0-beta28',
143 silly addNameRange     '0.9.0-beta29',
143 silly addNameRange     '0.9.0-beta30',
143 silly addNameRange     '0.9.0-beta31',
143 silly addNameRange     '0.9.0-beta32',
143 silly addNameRange     '0.9.0-beta33',
143 silly addNameRange     '0.9.0-beta34',
143 silly addNameRange     '0.9.0-beta35',
143 silly addNameRange     '0.9.0-beta36',
143 silly addNameRange     '0.9.0-beta37',
143 silly addNameRange     '0.9.0-beta38',
143 silly addNameRange     '0.9.0',
143 silly addNameRange     '0.9.1',
143 silly addNameRange     '0.9.2',
143 silly addNameRange     '0.9.3',
143 silly addNameRange     '0.10.0-beta2',
143 silly addNameRange     '0.10.0-beta3',
143 silly addNameRange     '0.10.0-beta5',
143 silly addNameRange     '0.10.0-beta6',
143 silly addNameRange     '0.10.0-beta7',
143 silly addNameRange     '0.10.0-beta8',
143 silly addNameRange     '0.10.0-beta9',
143 silly addNameRange     '0.10.0-beta10',
143 silly addNameRange     '0.10.0-beta11',
143 silly addNameRange     '0.10.0-beta12',
143 silly addNameRange     '0.10.0-beta13',
143 silly addNameRange     '0.10.0-beta14',
143 silly addNameRange     '0.10.0-beta15',
143 silly addNameRange     '0.10.0-beta16',
143 silly addNameRange     '0.10.0-beta17',
143 silly addNameRange     '0.10.0-beta18',
143 silly addNameRange     '0.10.0-beta19',
143 silly addNameRange     '0.10.0-beta20',
143 silly addNameRange     '0.10.0-beta21',
143 silly addNameRange     '0.10.0-beta22',
143 silly addNameRange     '0.10.0-beta23',
143 silly addNameRange     '0.10.0-beta24',
143 silly addNameRange     '0.10.0-beta25',
143 silly addNameRange     '0.10.0',
143 silly addNameRange     '0.11.0-beta1',
143 silly addNameRange     '0.11.0-beta2',
143 silly addNameRange     '0.11.0-beta3',
143 silly addNameRange     '0.11.0-beta4',
143 silly addNameRange     '0.11.0-beta5',
143 silly addNameRange     '0.11.0-beta6',
143 silly addNameRange     '0.11.0-beta7',
143 silly addNameRange     '0.11.0-beta8',
143 silly addNameRange     '0.11.0-beta9',
143 silly addNameRange     '0.11.0-beta10',
143 silly addNameRange     '0.11.0-beta11',
143 silly addNameRange     '0.11.0-beta12',
143 silly addNameRange     '0.11.0-beta13',
143 silly addNameRange     '0.11.0-beta14',
143 silly addNameRange     '0.11.0-beta15',
143 silly addNameRange     '0.11.0-beta16',
143 silly addNameRange     '0.11.0-beta17',
143 silly addNameRange     '0.11.0-beta18',
143 silly addNameRange     '0.11.0-beta19',
143 silly addNameRange     '0.11.0-beta20',
143 silly addNameRange     '0.11.0-beta21',
143 silly addNameRange     '0.11.0-beta22',
143 silly addNameRange     '0.11.0-beta23',
143 silly addNameRange     '0.11.0-beta24',
143 silly addNameRange     '0.11.0-beta25',
143 silly addNameRange     '0.11.0-beta26',
143 silly addNameRange     '0.11.0-beta27',
143 silly addNameRange     '0.11.0-beta28',
143 silly addNameRange     '0.11.0-beta29',
143 silly addNameRange     '0.11.0',
143 silly addNameRange     '0.11.1',
143 silly addNameRange     '0.11.2',
143 silly addNameRange     '0.11.3',
143 silly addNameRange     '0.11.4',
143 silly addNameRange     '0.11.5',
143 silly addNameRange     '0.11.6',
143 silly addNameRange     '0.11.7',
143 silly addNameRange     '0.11.8',
143 silly addNameRange     '0.11.9',
143 silly addNameRange     '0.11.10',
143 silly addNameRange     '0.11.11',
143 silly addNameRange     '0.11.12',
143 silly addNameRange     '0.11.13',
143 silly addNameRange     '0.11.14',
143 silly addNameRange     '0.11.15',
143 silly addNameRange     '1.0.0-beta1',
143 silly addNameRange     '1.0.0-beta2',
143 silly addNameRange     '1.0.0-beta3',
143 silly addNameRange     '1.0.0-beta4',
143 silly addNameRange     '0.11.16',
143 silly addNameRange     '0.11.17',
143 silly addNameRange     '0.11.18',
143 silly addNameRange     '1.0.0-beta5',
143 silly addNameRange     '1.0.0-beta6',
143 silly addNameRange     '1.0.0-beta7',
143 silly addNameRange     '1.0.0-beta8',
143 silly addNameRange     '1.0.0-beta9',
143 silly addNameRange     '1.0.0-rc1',
143 silly addNameRange     '1.0.0-rc2',
143 silly addNameRange     '1.0.0-rc3',
143 silly addNameRange     '1.0.0-rc4',
143 silly addNameRange     '1.0.0-rc5',
143 silly addNameRange     '1.0.0-rc7',
143 silly addNameRange     '1.0.0-rc8',
143 silly addNameRange     '1.0.0-rc9',
143 silly addNameRange     '1.0.0-rc11',
143 silly addNameRange     '1.0.0-rc12',
143 silly addNameRange     '1.0.0',
143 silly addNameRange     '1.0.1',
143 silly addNameRange     '1.0.3',
143 silly addNameRange     '1.0.4',
143 silly addNameRange     '1.0.5',
143 silly addNameRange     '1.1.0-beta1',
143 silly addNameRange     '1.1.0-beta2',
143 silly addNameRange     '1.1.0-beta3',
143 silly addNameRange     '1.1.0-beta4',
143 silly addNameRange     '1.1.0-beta5',
143 silly addNameRange     '1.1.0-beta6',
143 silly addNameRange     '1.1.0-beta7',
143 silly addNameRange     '1.1.0-beta8',
143 silly addNameRange     '1.1.0-beta9',
143 silly addNameRange     '1.1.0-beta10',
143 silly addNameRange     '1.1.0-beta12',
143 silly addNameRange     '1.1.0',
143 silly addNameRange     '1.1.1',
143 silly addNameRange     '1.1.2',
143 silly addNameRange     '1.1.3',
143 silly addNameRange     '1.1.4',
143 silly addNameRange     '1.1.5',
143 silly addNameRange     '1.1.6',
143 silly addNameRange     '1.1.7',
143 silly addNameRange     '1.1.8',
143 silly addNameRange     '1.1.9',
143 silly addNameRange     '1.1.10',
143 silly addNameRange     '1.1.11',
143 silly addNameRange     '1.2.0-beta1',
143 silly addNameRange     '1.2.0-beta2',
143 silly addNameRange     '1.2.0-beta4',
143 silly addNameRange     '1.2.0-beta5',
143 silly addNameRange     '1.2.0-beta6',
143 silly addNameRange     '1.3.0-beta1',
143 silly addNameRange     '1.3.0-beta2',
143 silly addNameRange     '1.3.0-beta3',
143 silly addNameRange     '1.3.0-beta4',
143 silly addNameRange     '1.3.0-beta5',
143 silly addNameRange     '1.3.0-beta6',
143 silly addNameRange     '1.3.0-beta7',
143 silly addNameRange     '1.3.0-beta8',
143 silly addNameRange     '1.3.0-beta9',
143 silly addNameRange     '1.3.1-beta1',
143 silly addNameRange     '1.3.1-beta2',
143 silly addNameRange     '1.3.1-beta3',
143 silly addNameRange     '1.3.1-beta4',
143 silly addNameRange     '1.3.1-beta5',
143 silly addNameRange     '1.3.1-beta6',
143 silly addNameRange     '1.3.1-beta7',
143 silly addNameRange     '1.3.1-beta8',
143 silly addNameRange     '1.3.1-beta9',
143 silly addNameRange     '1.3.2-beta1',
143 silly addNameRange     '1.3.2-beta2',
143 silly addNameRange     '1.3.2-beta3',
143 silly addNameRange     '1.3.2-beta4',
143 silly addNameRange     '1.3.2-beta5',
143 silly addNameRange     '1.3.2-beta6',
143 silly addNameRange     '1.3.2-beta7',
143 silly addNameRange     '1.3.2-beta8',
143 silly addNameRange     '1.3.2-beta9',
143 silly addNameRange     '1.3.3-beta1',
143 silly addNameRange     '1.3.3-beta2',
143 silly addNameRange     '1.3.4',
143 silly addNameRange     '1.3.5',
143 silly addNameRange     '1.3.6',
143 silly addNameRange     '1.3.7',
143 silly addNameRange     '1.4.0-beta1',
143 silly addNameRange     '1.4.0-beta2',
143 silly addNameRange     '1.4.0-beta3',
143 silly addNameRange     '1.4.0-beta4',
143 silly addNameRange     '1.4.0-beta5',
143 silly addNameRange     '1.4.0-beta6',
143 silly addNameRange     '1.4.0-beta7',
143 silly addNameRange     '1.4.0-beta8',
143 silly addNameRange     '1.4.0-beta9',
143 silly addNameRange     '1.4.0-beta10',
143 silly addNameRange     '1.4.1-beta1',
143 silly addNameRange     '1.4.2',
143 silly addNameRange     '1.4.3',
143 silly addNameRange     '1.4.4',
143 silly addNameRange     '1.4.5',
143 silly addNameRange     '1.4.6',
143 silly addNameRange     '1.4.7',
143 silly addNameRange     '1.4.8',
143 silly addNameRange     '1.4.9',
143 silly addNameRange     '1.4.10',
143 silly addNameRange     '1.4.11',
143 silly addNameRange     '1.4.12',
143 silly addNameRange     '1.4.13',
143 silly addNameRange     '1.4.14',
143 silly addNameRange     '1.4.15',
143 silly addNameRange     '1.5.0',
143 silly addNameRange     '1.5.1',
143 silly addNameRange     '1.5.2',
143 silly addNameRange     '1.5.3',
143 silly addNameRange     '1.6.0',
143 silly addNameRange     '1.7.0',
143 silly addNameRange     '1.7.1',
143 silly addNameRange     '1.7.2',
143 silly addNameRange     '1.7.3',
143 silly addNameRange     '1.8.0',
143 silly addNameRange     '1.8.1',
143 silly addNameRange     '1.8.2',
143 silly addNameRange     '1.8.3',
143 silly addNameRange     '1.8.4',
143 silly addNameRange     '1.8.5',
143 silly addNameRange     '1.8.6',
143 silly addNameRange     '1.8.7',
143 silly addNameRange     '1.8.8',
143 silly addNameRange     '1.8.9',
143 silly addNameRange     '1.8.10',
143 silly addNameRange     '1.8.11',
143 silly addNameRange     '1.9.0',
143 silly addNameRange     '1.9.1',
143 silly addNameRange     '1.9.2',
143 silly addNameRange     '1.9.3',
143 silly addNameRange     '1.9.4',
143 silly addNameRange     '1.9.5',
143 silly addNameRange     '1.9.6',
143 silly addNameRange     '1.9.7',
143 silly addNameRange     '1.9.8',
143 silly addNameRange     '1.9.9',
143 silly addNameRange     '1.9.10',
143 silly addNameRange     '1.9.11',
143 silly addNameRange     '1.9.12',
143 silly addNameRange     '1.9.13',
143 silly addNameRange     '1.10.0',
143 silly addNameRange     '1.10.1',
143 silly addNameRange     '1.10.2',
143 silly addNameRange     '1.10.3',
143 silly addNameRange     '1.10.4',
143 silly addNameRange     '1.10.5',
143 silly addNameRange     '1.11.0',
143 silly addNameRange     '1.12.0',
143 silly addNameRange     '1.12.1',
143 silly addNameRange     '1.12.2',
143 silly addNameRange     '2.0.0-beta',
143 silly addNameRange     '1.12.3',
143 silly addNameRange     '1.12.4',
143 silly addNameRange     '1.12.5',
143 silly addNameRange     '1.12.6',
143 silly addNameRange     '1.12.7',
143 silly addNameRange     '1.12.8',
143 silly addNameRange     '1.12.9',
143 silly addNameRange     '2.0.1-beta',
143 silly addNameRange     '2.0.2-beta',
143 silly addNameRange     '1.12.10',
143 silly addNameRange     '1.12.11',
143 silly addNameRange     '2.0.4-beta',
143 silly addNameRange     '1.12.12',
143 silly addNameRange     '2.0.5-beta',
143 silly addNameRange     '2.0.6-beta',
143 silly addNameRange     '2.0.7-beta',
143 silly addNameRange     '1.12.13',
143 silly addNameRange     '2.1.0-beta.0',
143 silly addNameRange     '2.1.0-beta.1',
143 silly addNameRange     '2.1.0-beta.2',
143 silly addNameRange     '1.12.14',
143 silly addNameRange     '2.1.0-beta.3',
143 silly addNameRange     '2.1.0-beta.4',
143 silly addNameRange     '2.1.0-beta.5',
143 silly addNameRange     '1.12.15',
143 silly addNameRange     '1.13.0',
143 silly addNameRange     '2.1.0-beta.6',
143 silly addNameRange     '2.1.0-beta.7',
143 silly addNameRange     '1.13.1',
143 silly addNameRange     '2.1.0-beta.8',
143 silly addNameRange     '2.1.0-beta.9',
143 silly addNameRange     '2.1.0-beta.10',
143 silly addNameRange     '2.1.0-beta.11',
143 silly addNameRange     '2.1.0-beta.12',
143 silly addNameRange     '2.1.0-beta.13',
143 silly addNameRange     '2.1.0-beta.14',
143 silly addNameRange     '2.1.0-beta.15',
143 silly addNameRange     '2.1.0-beta.16',
143 silly addNameRange     '2.1.0-beta.17',
143 silly addNameRange     '2.1.0-beta.18',
143 silly addNameRange     '2.1.0-beta.19',
143 silly addNameRange     '2.1.0-beta.20',
143 silly addNameRange     '2.1.0-beta.21',
143 silly addNameRange     '1.13.2',
143 silly addNameRange     '2.1.0-beta.22',
143 silly addNameRange     '2.1.0-beta.23',
143 silly addNameRange     '2.1.0-beta.24',
143 silly addNameRange     '2.1.0-beta.25',
143 silly addNameRange     '1.13.3',
143 silly addNameRange     '2.1.0-beta.26',
143 silly addNameRange     '2.1.0-beta.27',
143 silly addNameRange     '1.14.0',
143 silly addNameRange     '2.1.0-beta.28',
143 silly addNameRange     '2.2.0-rc.0',
143 silly addNameRange     '2.2.0-rc.1',
143 silly addNameRange     '2.2.0-rc.2',
143 silly addNameRange     '2.2.0-rc.3',
143 silly addNameRange     '2.2.0-rc.4',
143 silly addNameRange     '2.2.0-rc.5',
143 silly addNameRange     '2.2.0-rc.6',
143 silly addNameRange     '2.2.0-rc.7',
143 silly addNameRange     '2.2.0-rc.8',
143 silly addNameRange     '2.2.0',
143 silly addNameRange     '2.2.1',
143 silly addNameRange     '2.3.0',
143 silly addNameRange     '2.3.1',
143 silly addNameRange     '2.3.2',
143 silly addNameRange     '2.3.3',
143 silly addNameRange     '1.15.0',
143 silly addNameRange     '2.4.0',
143 silly addNameRange     '2.4.1',
143 silly addNameRange     '2.5.0',
143 silly addNameRange     '2.5.1',
143 silly addNameRange     '2.6.0',
143 silly addNameRange     '2.6.1',
143 silly addNameRange     '3.0.0-rc.0',
143 silly addNameRange     '3.0.0-rc.1',
143 silly addNameRange     '3.0.0-rc.2',
143 silly addNameRange     '3.0.0',
143 silly addNameRange     '3.1.0',
143 silly addNameRange     '3.2.0',
143 silly addNameRange     '2.7.0',
143 silly addNameRange     '3.3.0' ] ]
144 silly addNamed webpack@1.15.0
145 verbose addNamed "1.15.0" is a plain semver version for webpack
146 silly mapToRegistry name webpack
147 silly mapToRegistry using default registry
148 silly mapToRegistry registry https://registry.npmjs.org/
149 silly mapToRegistry data Result {
149 silly mapToRegistry   raw: 'webpack',
149 silly mapToRegistry   scope: null,
149 silly mapToRegistry   name: 'webpack',
149 silly mapToRegistry   rawSpec: '',
149 silly mapToRegistry   spec: 'latest',
149 silly mapToRegistry   type: 'tag' }
150 silly mapToRegistry uri https://registry.npmjs.org/webpack
151 verbose addRemoteTarball https://registry.npmjs.org/webpack/-/webpack-1.15.0.tgz not in flight; adding
152 verbose addRemoteTarball [ 'https://registry.npmjs.org/webpack/-/webpack-1.15.0.tgz',
152 verbose addRemoteTarball   '4ff31f53db03339e55164a9d468ee0324968fe98' ]
153 silly cache afterAdd react-dom@15.6.1
154 verbose afterAdd /Users/amanadhikari/.npm/react-dom/15.6.1/package/package.json not in flight; writing
155 verbose correctMkdir /Users/amanadhikari/.npm correctMkdir not in flight; initializing
156 silly cache afterAdd rest@1.3.2
157 verbose afterAdd /Users/amanadhikari/.npm/rest/1.3.2/package/package.json not in flight; writing
158 verbose correctMkdir /Users/amanadhikari/.npm correctMkdir not in flight; initializing
159 silly resolveWithNewModule react@15.6.1 checking installable status
160 silly cache add args [ 'react@^15.3.2', null ]
161 verbose cache add spec react@^15.3.2
162 silly cache add parsed spec Result {
162 silly cache add   raw: 'react@^15.3.2',
162 silly cache add   scope: null,
162 silly cache add   name: 'react',
162 silly cache add   rawSpec: '^15.3.2',
162 silly cache add   spec: '>=15.3.2 <16.0.0',
162 silly cache add   type: 'range' }
163 silly addNamed react@>=15.3.2 <16.0.0
164 verbose addNamed ">=15.3.2 <16.0.0" is a valid semver range for react
165 silly addNameRange { name: 'react', range: '>=15.3.2 <16.0.0', hasData: false }
166 silly mapToRegistry name react
167 silly mapToRegistry using default registry
168 silly mapToRegistry registry https://registry.npmjs.org/
169 silly mapToRegistry data Result {
169 silly mapToRegistry   raw: 'react',
169 silly mapToRegistry   scope: null,
169 silly mapToRegistry   name: 'react',
169 silly mapToRegistry   rawSpec: '',
169 silly mapToRegistry   spec: 'latest',
169 silly mapToRegistry   type: 'tag' }
170 silly mapToRegistry uri https://registry.npmjs.org/react
171 verbose addNameRange registry:https://registry.npmjs.org/react not in flight; fetching
172 info retry fetch attempt 1 at 10:49:27 PM
173 info attempt registry request try #1 at 10:49:27 PM
174 http fetch GET https://registry.npmjs.org/webpack/-/webpack-1.15.0.tgz
175 verbose afterAdd /Users/amanadhikari/.npm/react-dom/15.6.1/package/package.json written
176 verbose get https://registry.npmjs.org/react not expired, no request
177 silly addNameRange number 2 { name: 'react', range: '>=15.3.2 <16.0.0', hasData: true }
178 silly addNameRange versions [ 'react',
178 silly addNameRange   [ '0.0.1',
178 silly addNameRange     '0.0.2',
178 silly addNameRange     '0.0.3',
178 silly addNameRange     '0.1.2',
178 silly addNameRange     '0.2.0',
178 silly addNameRange     '0.2.1',
178 silly addNameRange     '0.2.2',
178 silly addNameRange     '0.2.3',
178 silly addNameRange     '0.2.4',
178 silly addNameRange     '0.2.5',
178 silly addNameRange     '0.2.6',
178 silly addNameRange     '0.3.0',
178 silly addNameRange     '0.3.4',
178 silly addNameRange     '0.3.5',
178 silly addNameRange     '0.5.0',
178 silly addNameRange     '0.5.1',
178 silly addNameRange     '0.5.2',
178 silly addNameRange     '0.6.0',
178 silly addNameRange     '0.6.1',
178 silly addNameRange     '0.6.2',
178 silly addNameRange     '0.6.3',
178 silly addNameRange     '0.7.0',
178 silly addNameRange     '0.7.1',
178 silly addNameRange     '0.8.0',
178 silly addNameRange     '0.9.0-rc1',
178 silly addNameRange     '0.9.0',
178 silly addNameRange     '0.10.0-rc1',
178 silly addNameRange     '0.10.0',
178 silly addNameRange     '0.11.0-rc1',
178 silly addNameRange     '0.11.0',
178 silly addNameRange     '0.11.1',
178 silly addNameRange     '0.11.2',
178 silly addNameRange     '0.12.0-rc1',
178 silly addNameRange     '0.12.0',
178 silly addNameRange     '0.12.1',
178 silly addNameRange     '0.12.2',
178 silly addNameRange     '0.13.0-alpha.1',
178 silly addNameRange     '0.13.0-alpha.2',
178 silly addNameRange     '0.13.0-beta.1',
178 silly addNameRange     '0.13.0-beta.2',
178 silly addNameRange     '0.13.0-rc1',
178 silly addNameRange     '0.13.0-rc2',
178 silly addNameRange     '0.13.0',
178 silly addNameRange     '0.13.1',
178 silly addNameRange     '0.13.2',
178 silly addNameRange     '0.13.3',
178 silly addNameRange     '0.14.0-alpha1',
178 silly addNameRange     '0.14.0-alpha2',
178 silly addNameRange     '0.14.0-alpha3',
178 silly addNameRange     '0.14.0-beta1',
178 silly addNameRange     '0.14.0-beta2',
178 silly addNameRange     '0.14.0-beta3',
178 silly addNameRange     '0.14.0-rc1',
178 silly addNameRange     '0.14.0',
178 silly addNameRange     '0.14.1',
178 silly addNameRange     '0.14.2',
178 silly addNameRange     '0.14.3',
178 silly addNameRange     '0.14.4',
178 silly addNameRange     '0.14.5',
178 silly addNameRange     '0.14.6',
178 silly addNameRange     '0.15.0-alpha.1',
178 silly addNameRange     '0.14.7',
178 silly addNameRange     '15.0.0-rc.1',
178 silly addNameRange     '15.0.0-rc.2',
178 silly addNameRange     '0.14.8',
178 silly addNameRange     '15.0.0',
178 silly addNameRange     '15.0.1',
178 silly addNameRange     '15.0.2-alpha.1',
178 silly addNameRange     '15.0.2-alpha.2',
178 silly addNameRange     '15.0.2-alpha.3',
178 silly addNameRange     '15.0.2-alpha.4',
178 silly addNameRange     '15.0.2',
178 silly addNameRange     '15.0.3-alpha.1',
178 silly addNameRange     '15.0.3-alpha.2',
178 silly addNameRange     '15.1.0-alpha.1',
178 silly addNameRange     '15.1.0',
178 silly addNameRange     '15.2.0-rc.1',
178 silly addNameRange     '15.2.0-rc.2',
178 silly addNameRange     '15.2.0',
178 silly addNameRange     '15.2.1',
178 silly addNameRange     '15.3.0-rc.1',
178 silly addNameRange     '15.3.0-rc.2',
178 silly addNameRange     '15.3.0-rc.3',
178 silly addNameRange     '15.3.0',
178 silly addNameRange     '15.3.1-rc.1',
178 silly addNameRange     '15.3.1-rc.2',
178 silly addNameRange     '15.3.1',
178 silly addNameRange     '15.3.2-rc.1',
178 silly addNameRange     '15.3.2',
178 silly addNameRange     '15.4.0-rc.1',
178 silly addNameRange     '15.4.0-rc.2',
178 silly addNameRange     '15.4.0-rc.3',
178 silly addNameRange     '15.4.0-rc.4',
178 silly addNameRange     '15.4.0',
178 silly addNameRange     '15.4.1',
178 silly addNameRange     '15.4.2',
178 silly addNameRange     '16.0.0-alpha',
178 silly addNameRange     '16.0.0-alpha.0',
178 silly addNameRange     '16.0.0-alpha.2',
178 silly addNameRange     '16.0.0-alpha.3',
178 silly addNameRange     '16.0.0-alpha.4',
178 silly addNameRange     '16.0.0-alpha.5',
178 silly addNameRange     '16.0.0-alpha.6',
178 silly addNameRange     '15.5.0-rc.1',
178 silly addNameRange     '16.0.0-alpha.7',
178 silly addNameRange     '15.5.0-rc.2',
178 silly addNameRange     '16.0.0-alpha.8',
178 silly addNameRange     '15.5.0',
178 silly addNameRange     '15.5.1',
178 silly addNameRange     '15.5.2',
178 silly addNameRange     '15.5.3',
178 silly addNameRange     '15.5.4',
178 silly addNameRange     '16.0.0-alpha.9',
178 silly addNameRange     '0.14.9',
178 silly addNameRange     '16.0.0-alpha.10',
178 silly addNameRange     '16.0.0-alpha.11',
178 silly addNameRange     '16.0.0-alpha.12',
178 silly addNameRange     '15.6.0-rc.1',
178 silly addNameRange     '16.0.0-alpha.13',
178 silly addNameRange     '15.6.0',
178 silly addNameRange     '15.6.1' ] ]
179 silly addNamed react@15.6.1
180 verbose addNamed "15.6.1" is a plain semver version for react
181 verbose afterAdd /Users/amanadhikari/.npm/rest/1.3.2/package/package.json written
182 silly cache afterAdd react@15.6.1
183 verbose afterAdd /Users/amanadhikari/.npm/react/15.6.1/package/package.json not in flight; writing
184 verbose correctMkdir /Users/amanadhikari/.npm correctMkdir not in flight; initializing
185 verbose afterAdd /Users/amanadhikari/.npm/react/15.6.1/package/package.json written
186 http fetch 200 https://registry.npmjs.org/webpack/-/webpack-1.15.0.tgz
187 silly fetchAndShaCheck shasum 4ff31f53db03339e55164a9d468ee0324968fe98
188 verbose addTmpTarball /var/folders/gv/5td9wj9j4vx652fs1d8hpj900000gn/T/npm-12360-e1b86ef9/registry.npmjs.org/webpack/-/webpack-1.15.0.tgz not in flight; adding
189 verbose addTmpTarball already have metadata; skipping unpack for webpack@1.15.0
190 verbose correctMkdir /Users/amanadhikari/.npm correctMkdir not in flight; initializing
191 silly rollbackFailedOptional Starting
192 silly rollbackFailedOptional Finishing
193 silly runTopLevelLifecycles Starting
194 silly runTopLevelLifecycles Finishing
195 silly install printInstalled
196 verbose stack Error: EACCES: permission denied, mkdir '/Users/amanadhikari/.npm/webpack/1.15.0'
196 verbose stack     at Error (native)
197 verbose cwd /Users/amanadhikari/gitProject/Hecate
198 error Darwin 14.3.0
199 error argv "/Users/amanadhikari/gitProject/Hecate/target/node/node" "/Users/amanadhikari/gitProject/Hecate/target/node/node_modules/npm/bin/npm-cli.js" "install"
200 error node v4.4.5
201 error npm  v3.9.2
202 error path /Users/amanadhikari/.npm/webpack/1.15.0
203 error code EACCES
204 error errno -13
205 error syscall mkdir
206 error Error: EACCES: permission denied, mkdir '/Users/amanadhikari/.npm/webpack/1.15.0'
206 error     at Error (native)
206 error  { [Error: EACCES: permission denied, mkdir '/Users/amanadhikari/.npm/webpack/1.15.0']
206 error   errno: -13,
206 error   code: 'EACCES',
206 error   syscall: 'mkdir',
206 error   path: '/Users/amanadhikari/.npm/webpack/1.15.0',
206 error   parent: 'spring-data-rest-and-reactjs' }
207 error Please try running this command again as root/Administrator.
208 verbose exit [ -13, true ]
